2009-09-18T17:31:45-05:00 ERR (3): Plugin by name 'Wikitext' was not found in the registry; used paths:
Zend_View_Helper_: Zend/View/Helper/:/workspace/wikiapp/application/views/helpers/
#0 /usr/local/zend/share/ZendFramework/library/Zend/View/Abstract.php(1118): Zend_Loader_PluginLoader->load('Wikitext')
#1 /usr/local/zend/share/ZendFramework/library/Zend/View/Abstract.php(569): Zend_View_Abstract->_getPlugin('helper', 'wikitext')
#2 /usr/local/zend/share/ZendFramework/library/Zend/View/Abstract.php(336): Zend_View_Abstract->getHelper('wikitext')
#3 [internal function]: Zend_View_Abstract->__call('wikitext', Array)
#4 /workspace/wikiapp/application/views/scripts/article/view.phtml(36): Zend_View->wikitext('Session namespa...')
#5 /usr/local/zend/share/ZendFramework/library/Zend/View.php(108): include('/workspace/wiki...')
#6 /usr/local/zend/share/ZendFramework/library/Zend/View/Abstract.php(833): Zend_View->_run('/workspace/wiki...')
#7 /usr/local/zend/share/ZendFramework/library/Zend/Controller/Action/Helper/ViewRenderer.php(903): Zend_View_Abstract->render('article/view.ph...')
#8 /usr/local/zend/share/ZendFramework/library/Zend/Controller/Action/Helper/ViewRenderer.php(924): Zend_Controller_Action_Helper_ViewRenderer->renderScript('article/view.ph...', NULL)
#9 /usr/local/zend/share/ZendFramework/library/Zend/Controller/Action/Helper/ViewRenderer.php(963): Zend_Controller_Action_Helper_ViewRenderer->render()
#10 /usr/local/zend/share/ZendFramework/library/Zend/Controller/Action/HelperBroker.php(277): Zend_Controller_Action_Helper_ViewRenderer->postDispatch()
#11 /usr/local/zend/share/ZendFramework/library/Zend/Controller/Action.php(523): Zend_Controller_Action_HelperBroker->notifyPostDispatch()
#12 /usr/local/zend/share/ZendFramework/library/Zend/Controller/Dispatcher/Standard.php(289): Zend_Controller_Action->dispatch('viewAction')
#13 /usr/local/zend/share/ZendFramework/library/Zend/Controller/Front.php(946): Zend_Controller_Dispatcher_Standard->dispatch(Object(Zend_Controller_Request_Http), Object(Zend_Controller_Response_Http))
#14 /usr/local/zend/share/ZendFramework/library/Zend/Application/Bootstrap/Bootstrap.php(77): Zend_Controller_Front->dispatch()
#15 /usr/local/zend/share/ZendFramework/library/Zend/Application.php(346): Zend_Application_Bootstrap_Bootstrap->run()
#16 /workspace/wikiapp/public/index.php(25): Zend_Application->run()
#17 {main}
2009-09-18T17:34:30-05:00 ERR (3): Plugin by name 'Wikitext' was not found in the registry; used paths:
Zend_View_Helper_: Zend/View/Helper/:/workspace/wikiapp/application/views/helpers/
#0 /usr/local/zend/share/ZendFramework/library/Zend/View/Abstract.php(1118): Zend_Loader_PluginLoader->load('Wikitext')
#1 /usr/local/zend/share/ZendFramework/library/Zend/View/Abstract.php(569): Zend_View_Abstract->_getPlugin('helper', 'wikitext')
#2 /usr/local/zend/share/ZendFramework/library/Zend/View/Abstract.php(336): Zend_View_Abstract->getHelper('wikitext')
#3 [internal function]: Zend_View_Abstract->__call('wikitext', Array)
#4 /workspace/wikiapp/application/views/scripts/article/view.phtml(36): Zend_View->wikitext('Session namespa...')
#5 /usr/local/zend/share/ZendFramework/library/Zend/View.php(108): include('/workspace/wiki...')
#6 /usr/local/zend/share/ZendFramework/library/Zend/View/Abstract.php(833): Zend_View->_run('/workspace/wiki...')
#7 /usr/local/zend/share/ZendFramework/library/Zend/Controller/Action/Helper/ViewRenderer.php(903): Zend_View_Abstract->render('article/view.ph...')
#8 /usr/local/zend/share/ZendFramework/library/Zend/Controller/Action/Helper/ViewRenderer.php(924): Zend_Controller_Action_Helper_ViewRenderer->renderScript('article/view.ph...', NULL)
#9 /usr/local/zend/share/ZendFramework/library/Zend/Controller/Action/Helper/ViewRenderer.php(963): Zend_Controller_Action_Helper_ViewRenderer->render()
#10 /usr/local/zend/share/ZendFramework/library/Zend/Controller/Action/HelperBroker.php(277): Zend_Controller_Action_Helper_ViewRenderer->postDispatch()
#11 /usr/local/zend/share/ZendFramework/library/Zend/Controller/Action.php(523): Zend_Controller_Action_HelperBroker->notifyPostDispatch()
#12 /usr/local/zend/share/ZendFramework/library/Zend/Controller/Dispatcher/Standard.php(289): Zend_Controller_Action->dispatch('viewAction')
#13 /usr/local/zend/share/ZendFramework/library/Zend/Controller/Front.php(946): Zend_Controller_Dispatcher_Standard->dispatch(Object(Zend_Controller_Request_Http), Object(Zend_Controller_Response_Http))
#14 /usr/local/zend/share/ZendFramework/library/Zend/Application/Bootstrap/Bootstrap.php(77): Zend_Controller_Front->dispatch()
#15 /usr/local/zend/share/ZendFramework/library/Zend/Application.php(346): Zend_Application_Bootstrap_Bootstrap->run()
#16 /workspace/wikiapp/public/index.php(25): Zend_Application->run()
#17 {main}
2009-09-18T17:36:49-05:00 ERR (3): You need to be logged in to create and edit pages!
#0 /workspace/wikiapp/application/controllers/ArticleController.php(115): ArticleController->_checkAcl('Locking Session...')
#1 /usr/local/zend/share/ZendFramework/library/Zend/Controller/Action.php(513): ArticleController->editAction()
#2 /usr/local/zend/share/ZendFramework/library/Zend/Controller/Dispatcher/Standard.php(289): Zend_Controller_Action->dispatch('editAction')
#3 /usr/local/zend/share/ZendFramework/library/Zend/Controller/Front.php(946): Zend_Controller_Dispatcher_Standard->dispatch(Object(Zend_Controller_Request_Http), Object(Zend_Controller_Response_Http))
#4 /usr/local/zend/share/ZendFramework/library/Zend/Application/Bootstrap/Bootstrap.php(77): Zend_Controller_Front->dispatch()
#5 /usr/local/zend/share/ZendFramework/library/Zend/Application.php(346): Zend_Application_Bootstrap_Bootstrap->run()
#6 /workspace/wikiapp/public/index.php(25): Zend_Application->run()
#7 {main}
2009-09-18T18:07:38-05:00 ERR (3): You need to be logged in to create and edit pages!
#0 /workspace/wikiapp/application/controllers/ArticleController.php(46): ArticleController->_checkAcl('1')
#1 /usr/local/zend/share/ZendFramework/library/Zend/Controller/Action.php(513): ArticleController->newarticleAction()
#2 /usr/local/zend/share/ZendFramework/library/Zend/Controller/Dispatcher/Standard.php(289): Zend_Controller_Action->dispatch('newarticleActio...')
#3 /usr/local/zend/share/ZendFramework/library/Zend/Controller/Front.php(946): Zend_Controller_Dispatcher_Standard->dispatch(Object(Zend_Controller_Request_Http), Object(Zend_Controller_Response_Http))
#4 /usr/local/zend/share/ZendFramework/library/Zend/Application/Bootstrap/Bootstrap.php(77): Zend_Controller_Front->dispatch()
#5 /usr/local/zend/share/ZendFramework/library/Zend/Application.php(346): Zend_Application_Bootstrap_Bootstrap->run()
#6 /workspace/wikiapp/public/index.php(25): Zend_Application->run()
#7 {main}
2009-09-18T18:07:54-05:00 ERR (3): You need to be logged in to create and edit pages!
#0 /workspace/wikiapp/application/controllers/ArticleController.php(46): ArticleController->_checkAcl('1')
#1 /usr/local/zend/share/ZendFramework/library/Zend/Controller/Action.php(513): ArticleController->newarticleAction()
#2 /usr/local/zend/share/ZendFramework/library/Zend/Controller/Dispatcher/Standard.php(289): Zend_Controller_Action->dispatch('newarticleActio...')
#3 /usr/local/zend/share/ZendFramework/library/Zend/Controller/Front.php(946): Zend_Controller_Dispatcher_Standard->dispatch(Object(Zend_Controller_Request_Http), Object(Zend_Controller_Response_Http))
#4 /usr/local/zend/share/ZendFramework/library/Zend/Application/Bootstrap/Bootstrap.php(77): Zend_Controller_Front->dispatch()
#5 /usr/local/zend/share/ZendFramework/library/Zend/Application.php(346): Zend_Application_Bootstrap_Bootstrap->run()
#6 /workspace/wikiapp/public/index.php(25): Zend_Application->run()
#7 {main}
